<?xml version="1.0" encoding="UTF-8"?>
<testsuite xmlns:xsi="http://www.w3.org/2001/XMLSchema-instance" xsi:noNamespaceSchemaLocation="https://maven.apache.org/surefire/maven-surefire-plugin/xsd/surefire-test-report.xsd" name="co.iacode.simpleweb.SimplewebApplicationTests" time="7.206" tests="1" errors="0" skipped="0" failures="0">
  <properties>
    <property name="sun.desktop" value="windows"/>
    <property name="awt.toolkit" value="sun.awt.windows.WToolkit"/>
    <property name="java.specification.version" value="11"/>
    <property name="sun.cpu.isalist" value="amd64"/>
    <property name="sun.jnu.encoding" value="Cp1252"/>
    <property name="java.class.path" value="S:\linkedin\spring\simpleweb\target\test-classes;S:\linkedin\spring\simpleweb\target\classes;j:\repositorios\org\springframework\boot\spring-boot-starter-web\2.5.3\spring-boot-starter-web-2.5.3.jar;j:\repositorios\org\springframework\boot\spring-boot-starter\2.5.3\spring-boot-starter-2.5.3.jar;j:\repositorios\org\springframework\boot\spring-boot\2.5.3\spring-boot-2.5.3.jar;j:\repositorios\org\springframework\boot\spring-boot-autoconfigure\2.5.3\spring-boot-autoconfigure-2.5.3.jar;j:\repositorios\org\springframework\boot\spring-boot-starter-logging\2.5.3\spring-boot-starter-logging-2.5.3.jar;j:\repositorios\ch\qos\logback\logback-classic\1.2.4\logback-classic-1.2.4.jar;j:\repositorios\ch\qos\logback\logback-core\1.2.4\logback-core-1.2.4.jar;j:\repositorios\org\apache\logging\log4j\log4j-to-slf4j\2.14.1\log4j-to-slf4j-2.14.1.jar;j:\repositorios\org\apache\logging\log4j\log4j-api\2.14.1\log4j-api-2.14.1.jar;j:\repositorios\org\slf4j\jul-to-slf4j\1.7.32\jul-to-slf4j-1.7.32.jar;j:\repositorios\jakarta\annotation\jakarta.annotation-api\1.3.5\jakarta.annotation-api-1.3.5.jar;j:\repositorios\org\yaml\snakeyaml\1.28\snakeyaml-1.28.jar;j:\repositorios\org\springframework\boot\spring-boot-starter-json\2.5.3\spring-boot-starter-json-2.5.3.jar;j:\repositorios\com\fasterxml\jackson\core\jackson-databind\2.12.4\jackson-databind-2.12.4.jar;j:\repositorios\com\fasterxml\jackson\core\jackson-annotations\2.12.4\jackson-annotations-2.12.4.jar;j:\repositorios\com\fasterxml\jackson\core\jackson-core\2.12.4\jackson-core-2.12.4.jar;j:\repositorios\com\fasterxml\jackson\datatype\jackson-datatype-jdk8\2.12.4\jackson-datatype-jdk8-2.12.4.jar;j:\repositorios\com\fasterxml\jackson\datatype\jackson-datatype-jsr310\2.12.4\jackson-datatype-jsr310-2.12.4.jar;j:\repositorios\com\fasterxml\jackson\module\jackson-module-parameter-names\2.12.4\jackson-module-parameter-names-2.12.4.jar;j:\repositorios\org\springframework\boot\spring-boot-starter-tomcat\2.5.3\spring-boot-starter-tomcat-2.5.3.jar;j:\repositorios\org\apache\tomcat\embed\tomcat-embed-core\9.0.50\tomcat-embed-core-9.0.50.jar;j:\repositorios\org\apache\tomcat\embed\tomcat-embed-el\9.0.50\tomcat-embed-el-9.0.50.jar;j:\repositorios\org\apache\tomcat\embed\tomcat-embed-websocket\9.0.50\tomcat-embed-websocket-9.0.50.jar;j:\repositorios\org\springframework\spring-web\5.3.9\spring-web-5.3.9.jar;j:\repositorios\org\springframework\spring-beans\5.3.9\spring-beans-5.3.9.jar;j:\repositorios\org\springframework\spring-webmvc\5.3.9\spring-webmvc-5.3.9.jar;j:\repositorios\org\springframework\spring-aop\5.3.9\spring-aop-5.3.9.jar;j:\repositorios\org\springframework\spring-context\5.3.9\spring-context-5.3.9.jar;j:\repositorios\org\springframework\spring-expression\5.3.9\spring-expression-5.3.9.jar;j:\repositorios\org\projectlombok\lombok\1.18.20\lombok-1.18.20.jar;j:\repositorios\org\springframework\boot\spring-boot-starter-test\2.5.3\spring-boot-starter-test-2.5.3.jar;j:\repositorios\org\springframework\boot\spring-boot-test\2.5.3\spring-boot-test-2.5.3.jar;j:\repositorios\org\springframework\boot\spring-boot-test-autoconfigure\2.5.3\spring-boot-test-autoconfigure-2.5.3.jar;j:\repositorios\com\jayway\jsonpath\json-path\2.5.0\json-path-2.5.0.jar;j:\repositorios\net\minidev\json-smart\2.4.7\json-smart-2.4.7.jar;j:\repositorios\net\minidev\accessors-smart\2.4.7\accessors-smart-2.4.7.jar;j:\repositorios\org\ow2\asm\asm\9.1\asm-9.1.jar;j:\repositorios\org\slf4j\slf4j-api\1.7.32\slf4j-api-1.7.32.jar;j:\repositorios\jakarta\xml\bind\jakarta.xml.bind-api\2.3.3\jakarta.xml.bind-api-2.3.3.jar;j:\repositorios\jakarta\activation\jakarta.activation-api\1.2.2\jakarta.activation-api-1.2.2.jar;j:\repositorios\org\assertj\assertj-core\3.19.0\assertj-core-3.19.0.jar;j:\repositorios\org\hamcrest\hamcrest\2.2\hamcrest-2.2.jar;j:\repositorios\org\junit\jupiter\junit-jupiter\5.7.2\junit-jupiter-5.7.2.jar;j:\repositorios\org\junit\jupiter\junit-jupiter-api\5.7.2\junit-jupiter-api-5.7.2.jar;j:\repositorios\org\apiguardian\apiguardian-api\1.1.0\apiguardian-api-1.1.0.jar;j:\repositorios\org\opentest4j\opentest4j\1.2.0\opentest4j-1.2.0.jar;j:\repositorios\org\junit\platform\junit-platform-commons\1.7.2\junit-platform-commons-1.7.2.jar;j:\repositorios\org\junit\jupiter\junit-jupiter-params\5.7.2\junit-jupiter-params-5.7.2.jar;j:\repositorios\org\junit\jupiter\junit-jupiter-engine\5.7.2\junit-jupiter-engine-5.7.2.jar;j:\repositorios\org\junit\platform\junit-platform-engine\1.7.2\junit-platform-engine-1.7.2.jar;j:\repositorios\org\mockito\mockito-core\3.9.0\mockito-core-3.9.0.jar;j:\repositorios\net\bytebuddy\byte-buddy\1.10.22\byte-buddy-1.10.22.jar;j:\repositorios\net\bytebuddy\byte-buddy-agent\1.10.22\byte-buddy-agent-1.10.22.jar;j:\repositorios\org\objenesis\objenesis\3.2\objenesis-3.2.jar;j:\repositorios\org\mockito\mockito-junit-jupiter\3.9.0\mockito-junit-jupiter-3.9.0.jar;j:\repositorios\org\skyscreamer\jsonassert\1.5.0\jsonassert-1.5.0.jar;j:\repositorios\com\vaadin\external\google\android-json\0.0.20131108.vaadin1\android-json-0.0.20131108.vaadin1.jar;j:\repositorios\org\springframework\spring-core\5.3.9\spring-core-5.3.9.jar;j:\repositorios\org\springframework\spring-jcl\5.3.9\spring-jcl-5.3.9.jar;j:\repositorios\org\springframework\spring-test\5.3.9\spring-test-5.3.9.jar;j:\repositorios\org\xmlunit\xmlunit-core\2.8.2\xmlunit-core-2.8.2.jar;"/>
    <property name="java.vm.vendor" value="Oracle Corporation"/>
    <property name="sun.arch.data.model" value="64"/>
    <property name="user.variant" value=""/>
    <property name="java.vendor.url" value="https://openjdk.java.net/"/>
    <property name="user.timezone" value="America/Bogota"/>
    <property name="java.vm.specification.version" value="11"/>
    <property name="os.name" value="Windows 10"/>
    <property name="sun.java.launcher" value="SUN_STANDARD"/>
    <property name="user.country" value="CO"/>
    <property name="sun.boot.library.path" value="j:\jdk-11.0.7\bin"/>
    <property name="sun.java.command" value="C:\Users\dani\AppData\Local\Temp\surefire7491361959627610709\surefirebooter2961743793974764028.jar C:\Users\dani\AppData\Local\Temp\surefire7491361959627610709 2021-07-28T09-03-53_683-jvmRun1 surefire13139136923161319916tmp surefire_09514728048040264779tmp"/>
    <property name="jdk.debug" value="release"/>
    <property name="surefire.test.class.path" value="S:\linkedin\spring\simpleweb\target\test-classes;S:\linkedin\spring\simpleweb\target\classes;j:\repositorios\org\springframework\boot\spring-boot-starter-web\2.5.3\spring-boot-starter-web-2.5.3.jar;j:\repositorios\org\springframework\boot\spring-boot-starter\2.5.3\spring-boot-starter-2.5.3.jar;j:\repositorios\org\springframework\boot\spring-boot\2.5.3\spring-boot-2.5.3.jar;j:\repositorios\org\springframework\boot\spring-boot-autoconfigure\2.5.3\spring-boot-autoconfigure-2.5.3.jar;j:\repositorios\org\springframework\boot\spring-boot-starter-logging\2.5.3\spring-boot-starter-logging-2.5.3.jar;j:\repositorios\ch\qos\logback\logback-classic\1.2.4\logback-classic-1.2.4.jar;j:\repositorios\ch\qos\logback\logback-core\1.2.4\logback-core-1.2.4.jar;j:\repositorios\org\apache\logging\log4j\log4j-to-slf4j\2.14.1\log4j-to-slf4j-2.14.1.jar;j:\repositorios\org\apache\logging\log4j\log4j-api\2.14.1\log4j-api-2.14.1.jar;j:\repositorios\org\slf4j\jul-to-slf4j\1.7.32\jul-to-slf4j-1.7.32.jar;j:\repositorios\jakarta\annotation\jakarta.annotation-api\1.3.5\jakarta.annotation-api-1.3.5.jar;j:\repositorios\org\yaml\snakeyaml\1.28\snakeyaml-1.28.jar;j:\repositorios\org\springframework\boot\spring-boot-starter-json\2.5.3\spring-boot-starter-json-2.5.3.jar;j:\repositorios\com\fasterxml\jackson\core\jackson-databind\2.12.4\jackson-databind-2.12.4.jar;j:\repositorios\com\fasterxml\jackson\core\jackson-annotations\2.12.4\jackson-annotations-2.12.4.jar;j:\repositorios\com\fasterxml\jackson\core\jackson-core\2.12.4\jackson-core-2.12.4.jar;j:\repositorios\com\fasterxml\jackson\datatype\jackson-datatype-jdk8\2.12.4\jackson-datatype-jdk8-2.12.4.jar;j:\repositorios\com\fasterxml\jackson\datatype\jackson-datatype-jsr310\2.12.4\jackson-datatype-jsr310-2.12.4.jar;j:\repositorios\com\fasterxml\jackson\module\jackson-module-parameter-names\2.12.4\jackson-module-parameter-names-2.12.4.jar;j:\repositorios\org\springframework\boot\spring-boot-starter-tomcat\2.5.3\spring-boot-starter-tomcat-2.5.3.jar;j:\repositorios\org\apache\tomcat\embed\tomcat-embed-core\9.0.50\tomcat-embed-core-9.0.50.jar;j:\repositorios\org\apache\tomcat\embed\tomcat-embed-el\9.0.50\tomcat-embed-el-9.0.50.jar;j:\repositorios\org\apache\tomcat\embed\tomcat-embed-websocket\9.0.50\tomcat-embed-websocket-9.0.50.jar;j:\repositorios\org\springframework\spring-web\5.3.9\spring-web-5.3.9.jar;j:\repositorios\org\springframework\spring-beans\5.3.9\spring-beans-5.3.9.jar;j:\repositorios\org\springframework\spring-webmvc\5.3.9\spring-webmvc-5.3.9.jar;j:\repositorios\org\springframework\spring-aop\5.3.9\spring-aop-5.3.9.jar;j:\repositorios\org\springframework\spring-context\5.3.9\spring-context-5.3.9.jar;j:\repositorios\org\springframework\spring-expression\5.3.9\spring-expression-5.3.9.jar;j:\repositorios\org\projectlombok\lombok\1.18.20\lombok-1.18.20.jar;j:\repositorios\org\springframework\boot\spring-boot-starter-test\2.5.3\spring-boot-starter-test-2.5.3.jar;j:\repositorios\org\springframework\boot\spring-boot-test\2.5.3\spring-boot-test-2.5.3.jar;j:\repositorios\org\springframework\boot\spring-boot-test-autoconfigure\2.5.3\spring-boot-test-autoconfigure-2.5.3.jar;j:\repositorios\com\jayway\jsonpath\json-path\2.5.0\json-path-2.5.0.jar;j:\repositorios\net\minidev\json-smart\2.4.7\json-smart-2.4.7.jar;j:\repositorios\net\minidev\accessors-smart\2.4.7\accessors-smart-2.4.7.jar;j:\repositorios\org\ow2\asm\asm\9.1\asm-9.1.jar;j:\repositorios\org\slf4j\slf4j-api\1.7.32\slf4j-api-1.7.32.jar;j:\repositorios\jakarta\xml\bind\jakarta.xml.bind-api\2.3.3\jakarta.xml.bind-api-2.3.3.jar;j:\repositorios\jakarta\activation\jakarta.activation-api\1.2.2\jakarta.activation-api-1.2.2.jar;j:\repositorios\org\assertj\assertj-core\3.19.0\assertj-core-3.19.0.jar;j:\repositorios\org\hamcrest\hamcrest\2.2\hamcrest-2.2.jar;j:\repositorios\org\junit\jupiter\junit-jupiter\5.7.2\junit-jupiter-5.7.2.jar;j:\repositorios\org\junit\jupiter\junit-jupiter-api\5.7.2\junit-jupiter-api-5.7.2.jar;j:\repositorios\org\apiguardian\apiguardian-api\1.1.0\apiguardian-api-1.1.0.jar;j:\repositorios\org\opentest4j\opentest4j\1.2.0\opentest4j-1.2.0.jar;j:\repositorios\org\junit\platform\junit-platform-commons\1.7.2\junit-platform-commons-1.7.2.jar;j:\repositorios\org\junit\jupiter\junit-jupiter-params\5.7.2\junit-jupiter-params-5.7.2.jar;j:\repositorios\org\junit\jupiter\junit-jupiter-engine\5.7.2\junit-jupiter-engine-5.7.2.jar;j:\repositorios\org\junit\platform\junit-platform-engine\1.7.2\junit-platform-engine-1.7.2.jar;j:\repositorios\org\mockito\mockito-core\3.9.0\mockito-core-3.9.0.jar;j:\repositorios\net\bytebuddy\byte-buddy\1.10.22\byte-buddy-1.10.22.jar;j:\repositorios\net\bytebuddy\byte-buddy-agent\1.10.22\byte-buddy-agent-1.10.22.jar;j:\repositorios\org\objenesis\objenesis\3.2\objenesis-3.2.jar;j:\repositorios\org\mockito\mockito-junit-jupiter\3.9.0\mockito-junit-jupiter-3.9.0.jar;j:\repositorios\org\skyscreamer\jsonassert\1.5.0\jsonassert-1.5.0.jar;j:\repositorios\com\vaadin\external\google\android-json\0.0.20131108.vaadin1\android-json-0.0.20131108.vaadin1.jar;j:\repositorios\org\springframework\spring-core\5.3.9\spring-core-5.3.9.jar;j:\repositorios\org\springframework\spring-jcl\5.3.9\spring-jcl-5.3.9.jar;j:\repositorios\org\springframework\spring-test\5.3.9\spring-test-5.3.9.jar;j:\repositorios\org\xmlunit\xmlunit-core\2.8.2\xmlunit-core-2.8.2.jar;"/>
    <property name="sun.cpu.endian" value="little"/>
    <property name="user.home" value="C:\Users\dani"/>
    <property name="user.language" value="es"/>
    <property name="java.specification.vendor" value="Oracle Corporation"/>
    <property name="java.version.date" value="2020-04-14"/>
    <property name="java.home" value="j:\jdk-11.0.7"/>
    <property name="file.separator" value="\"/>
    <property name="basedir" value="S:\linkedin\spring\simpleweb"/>
    <property name="java.vm.compressedOopsMode" value="Zero based"/>
    <property name="line.separator" value="&#10;"/>
    <property name="java.specification.name" value="Java Platform API Specification"/>
    <property name="java.vm.specification.vendor" value="Oracle Corporation"/>
    <property name="java.awt.graphicsenv" value="sun.awt.Win32GraphicsEnvironment"/>
    <property name="surefire.real.class.path" value="C:\Users\dani\AppData\Local\Temp\surefire7491361959627610709\surefirebooter2961743793974764028.jar"/>
    <property name="user.script" value=""/>
    <property name="sun.management.compiler" value="HotSpot 64-Bit Tiered Compilers"/>
    <property name="java.runtime.version" value="11.0.7+8-LTS"/>
    <property name="user.name" value="dani"/>
    <property name="path.separator" value=";"/>
    <property name="os.version" value="10.0"/>
    <property name="java.runtime.name" value="Java(TM) SE Runtime Environment"/>
    <property name="file.encoding" value="Cp1252"/>
    <property name="java.vm.name" value="Java HotSpot(TM) 64-Bit Server VM"/>
    <property name="java.vendor.version" value="18.9"/>
    <property name="localRepository" value="j:\repositorios"/>
    <property name="java.vendor.url.bug" value="https://bugreport.java.com/bugreport/"/>
    <property name="java.io.tmpdir" value="C:\Users\dani\AppData\Local\Temp\"/>
    <property name="java.version" value="11.0.7"/>
    <property name="user.dir" value="S:\linkedin\spring\simpleweb"/>
    <property name="os.arch" value="amd64"/>
    <property name="java.vm.specification.name" value="Java Virtual Machine Specification"/>
    <property name="java.awt.printerjob" value="sun.awt.windows.WPrinterJob"/>
    <property name="sun.os.patch.level" value=""/>
    <property name="java.library.path" value="j:\jdk-11.0.7\bin;C:\Windows\Sun\Java\bin;C:\Windows\system32;C:\Windows;j:/jdk-11.0.7;j:/jdk-11.0.7/bin;C:\Windows\system32;C:\Windows;C:\Windows\System32\Wbem;C:\Windows\System32\WindowsPowerShell\v1.0\;C:\Windows\System32\OpenSSH\;D:\void\void;C:\ProgramData\chocolatey\bin;C:\Program Files\OpenVPN\bin;d:\code;d:\s;j:\node14;j:\dmd.2.096.1.windows\dmd2\windows\bin64;j:\Symfony;j:\python3.8.7;j:\python3.8.7\Scripts;j:\sbt-1.4.7\sbt\bin;j:\jdk1.8.0_251\bin;j:\Ruby30-x64\bin;j:\R-4.0.3\bin;j:\julia-1.6.1\bin;j:\scala\bin;j:\deno;j:\kotlin\bin;j:\root\bin;j:\cint-5.16.19;j:\octave-6.2.0-w64\mingw64\bin;j:\maxima-5.44.0\bin;j:\haskell;j:\sdk_android\cmdline-tools\latest\bin;j:\sdk_android\platform-tools;j:\scrcpy-win64-v1.17;j:\clojure;j:\dartsdk-windows-x64-release\bin;j:\gradle-6.8.3-bin\bin;J:\php;d:\apps\windows\maven\bin;p:\windows\handbrake;d:\apps\svn;d:\apps\windows\putty\App\putty;j:\groovy-3.0.8\bin;j:\nim-1.4.8_x64\bin;j:\erl10.7\bin;j:\v;j:\Python27;j:\Mono\bin;P:\pomodoro;J:\cygwin_base\bin;C:\Program Files\Git\cmd;D:\void\utils;D:\void;D:\void\void_electron\dist\win-unpacked;J:\android\sdk\emulator;J:\sdk_android\emulator;C:\Program Files\dotnet\;C:\Users\dani\AppData\Local\Microsoft\WindowsApps;;j:/jdk-11.0.7;j:/jdk-11.0.7/bin;."/>
    <property name="java.vendor" value="Oracle Corporation"/>
    <property name="java.vm.info" value="mixed mode"/>
    <property name="java.vm.version" value="11.0.7+8-LTS"/>
    <property name="sun.io.unicode.encoding" value="UnicodeLittle"/>
    <property name="java.class.version" value="55.0"/>
  </properties>
  <testcase name="contextLoads" classname="co.iacode.simpleweb.SimplewebApplicationTests" time="1.082"/>
</testsuite>